# JRE version: Java(TM) SE Runtime Environment (8.0_131-b11) (build 1.8.0_131-b11)
# Java VM: Java HotSpot(TM) 64-Bit Server VM (25.131-b11 mixed mode bsd-amd64 compressed oops)
Heap:
 PSYoungGen      total 868864K, used 228862K [0x000000076ab00000, 0x00000007bbe80000, 0x00000007c0000000)
  eden space 466432K, 16% used [0x000000076ab00000,0x000000076f4627f8,0x0000000787280000)
  from space 402432K, 38% used [0x00000007a3580000,0x00000007acb9d2f0,0x00000007bbe80000)
  to   space 432128K, 0% used [0x0000000787280000,0x0000000787280000,0x00000007a1880000)
 ParOldGen       total 1950720K, used 932484K [0x00000006c0000000, 0x0000000737100000, 0x000000076ab00000)
  object space 1950720K, 47% used [0x00000006c0000000,0x00000006f8ea1140,0x0000000737100000)
 Metaspace       used 18330K, capacity 18800K, committed 18944K, reserved 1067008K
  class space    used 2172K, capacity 2286K, committed 2304K, reserved 1048576K
GC Heap History (10 events):
Event: 25345.906 GC heap before
{Heap before GC invocations=133 (full 13):
 PSYoungGen      total 931840K, used 539866K [0x000000076ab00000, 0x00000007c0000000, 0x00000007c0000000)
  eden space 465920K, 100% used [0x000000076ab00000,0x0000000787200000,0x0000000787200000)
  from space 465920K, 15% used [0x0000000787200000,0x000000078ba36980,0x00000007a3900000)
  to   space 465920K, 0% used [0x00000007a3900000,0x00000007a3900000,0x00000007c0000000)
 ParOldGen       total 1950720K, used 920004K [0x00000006c0000000, 0x0000000737100000, 0x000000076ab00000)
  object space 1950720K, 47% used [0x00000006c0000000,0x00000006f8271340,0x0000000737100000)
 Metaspace       used 18305K, capacity 18794K, committed 18944K, reserved 1067008K
  class space    used 2172K, capacity 2285K, committed 2304K, reserved 1048576K
Event: 25345.918 GC heap after
Heap after GC invocations=133 (full 13):
 PSYoungGen      total 931840K, used 53454K [0x000000076ab00000, 0x00000007c0000000, 0x00000007c0000000)
  eden space 465920K, 0% used [0x000000076ab00000,0x000000076ab00000,0x0000000787200000)
  from space 465920K, 11% used [0x00000007a3900000,0x00000007a6d33ab0,0x00000007c0000000)
  to   space 465920K, 0% used [0x0000000787200000,0x0000000787200000,0x00000007a3900000)
 ParOldGen       total 1950720K, used 924827K [0x00000006c0000000, 0x0000000737100000, 0x000000076ab00000)
  object space 1950720K, 47% used [0x00000006c0000000,0x00000006f8726df0,0x0000000737100000)
 Metaspace       used 18305K, capacity 18794K, committed 18944K, reserved 1067008K
  class space    used 2172K, capacity 2285K, committed 2304K, reserved 1048576K
}
Event: 25487.084 GC heap before
{Heap before GC invocations=134 (full 13):
 PSYoungGen      total 931840K, used 519374K [0x000000076ab00000, 0x00000007c0000000, 0x00000007c0000000)
  eden space 465920K, 100% used [0x000000076ab00000,0x0000000787200000,0x0000000787200000)
  from space 465920K, 11% used [0x00000007a3900000,0x00000007a6d33ab0,0x00000007c0000000)
  to   space 465920K, 0% used [0x0000000787200000,0x0000000787200000,0x00000007a3900000)
 ParOldGen       total 1950720K, used 924828K [0x00000006c0000000, 0x0000000737100000, 0x000000076ab00000)
  object space 1950720K, 47% used [0x00000006c0000000,0x00000006f8727290,0x0000000737100000)
 Metaspace       used 18305K, capacity 18794K, committed 18944K, reserved 1067008K
  class space    used 2172K, capacity 2285K, committed 2304K, reserved 1048576K
Event: 25487.092 GC heap after
Heap after GC invocations=134 (full 13):
 PSYoungGen      total 931840K, used 35558K [0x000000076ab00000, 0x00000007c0000000, 0x00000007c0000000)
  eden space 465920K, 0% used [0x000000076ab00000,0x000000076ab00000,0x0000000787200000)
  from space 465920K, 7% used [0x0000000787200000,0x00000007894b9850,0x00000007a3900000)
  to   space 465920K, 0% used [0x00000007a3900000,0x00000007a3900000,0x00000007c0000000)
 ParOldGen       total 1950720K, used 927339K [0x00000006c0000000, 0x0000000737100000, 0x000000076ab00000)
  object space 1950720K, 47% used [0x00000006c0000000,0x00000006f899ad30,0x0000000737100000)
 Metaspace       used 18305K, capacity 18794K, committed 18944K, reserved 1067008K
  class space    used 2172K, capacity 2285K, committed 2304K, reserved 1048576K
}
Event: 25609.991 GC heap before
{Heap before GC invocations=135 (full 13):
 PSYoungGen      total 931840K, used 501478K [0x000000076ab00000, 0x00000007c0000000, 0x00000007c0000000)
  eden space 465920K, 100% used [0x000000076ab00000,0x0000000787200000,0x0000000787200000)
  from space 465920K, 7% used [0x0000000787200000,0x00000007894b9850,0x00000007a3900000)
  to   space 465920K, 0% used [0x00000007a3900000,0x00000007a3900000,0x00000007c0000000)
 ParOldGen       total 1950720K, used 927339K [0x00000006c0000000, 0x0000000737100000, 0x000000076ab00000)
  object space 1950720K, 47% used [0x00000006c0000000,0x00000006f899ad30,0x0000000737100000)
 Metaspace       used 18305K, capacity 18794K, committed 18944K, reserved 1067008K
  class space    used 2172K, capacity 2285K, committed 2304K, reserved 1048576K
Event: 25610.005 GC heap after
Heap after GC invocations=135 (full 13):
 PSYoungGen      total 931840K, used 61978K [0x000000076ab00000, 0x00000007c0000000, 0x00000007c0000000)
  eden space 465920K, 0% used [0x000000076ab00000,0x000000076ab00000,0x0000000787200000)
  from space 465920K, 13% used [0x00000007a3900000,0x00000007a7586980,0x00000007c0000000)
  to   space 465920K, 0% used [0x0000000787200000,0x0000000787200000,0x00000007a3900000)
 ParOldGen       total 1950720K, used 929841K [0x00000006c0000000, 0x0000000737100000, 0x000000076ab00000)
  object space 1950720K, 47% used [0x00000006c0000000,0x00000006f8c0c7d0,0x0000000737100000)
 Metaspace       used 18305K, capacity 18794K, committed 18944K, reserved 1067008K
  class space    used 2172K, capacity 2285K, committed 2304K, reserved 1048576K
}
Event: 25716.263 GC heap before
{Heap before GC invocations=136 (full 13):
 PSYoungGen      total 931840K, used 527898K [0x000000076ab00000, 0x00000007c0000000, 0x00000007c0000000)
  eden space 465920K, 100% used [0x000000076ab00000,0x0000000787200000,0x0000000787200000)
  from space 465920K, 13% used [0x00000007a3900000,0x00000007a7586980,0x00000007c0000000)
  to   space 465920K, 0% used [0x0000000787200000,0x0000000787200000,0x00000007a3900000)
 ParOldGen       total 1950720K, used 929841K [0x00000006c0000000, 0x0000000737100000, 0x000000076ab00000)
  object space 1950720K, 47% used [0x00000006c0000000,0x00000006f8c0c7d0,0x0000000737100000)
 Metaspace       used 18305K, capacity 18794K, committed 18944K, reserved 1067008K
  class space    used 2172K, capacity 2285K, committed 2304K, reserved 1048576K
Event: 25716.295 GC heap after
Heap after GC invocations=136 (full 13):
 PSYoungGen      total 601600K, used 135174K [0x000000076ab00000, 0x00000007bf900000, 0x00000007c0000000)
  eden space 465920K, 0% used [0x000000076ab00000,0x000000076ab00000,0x0000000787200000)
  from space 135680K, 99% used [0x0000000787200000,0x000000078f601850,0x000000078f680000)
  to   space 462336K, 0% used [0x00000007a3580000,0x00000007a3580000,0x00000007bf900000)
 ParOldGen       total 1950720K, used 932484K [0x00000006c0000000, 0x0000000737100000, 0x000000076ab00000)
  object space 1950720K, 47% used [0x00000006c0000000,0x00000006f8ea1140,0x0000000737100000)
 Metaspace       used 18305K, capacity 18794K, committed 18944K, reserved 1067008K
  class space    used 2172K, capacity 2285K, committed 2304K, reserved 1048576K
}
Event: 25807.318 GC heap before
{Heap before GC invocations=137 (full 13):
 PSYoungGen      total 601600K, used 599954K [0x000000076ab00000, 0x00000007bf900000, 0x00000007c0000000)
  eden space 465920K, 99% used [0x000000076ab00000,0x00000007870e3228,0x0000000787200000)
  from space 135680K, 99% used [0x0000000787200000,0x000000078f601850,0x000000078f680000)
  to   space 462336K, 0% used [0x00000007a3580000,0x00000007a3580000,0x00000007bf900000)
 ParOldGen       total 1950720K, used 932484K [0x00000006c0000000, 0x0000000737100000, 0x000000076ab00000)
  object space 1950720K, 47% used [0x00000006c0000000,0x00000006f8ea1140,0x0000000737100000)
 Metaspace       used 18305K, capacity 18794K, committed 18944K, reserved 1067008K
  class space    used 2172K, capacity 2285K, committed 2304K, reserved 1048576K
Event: 25807.354 GC heap after
Heap after GC invocations=137 (full 13):
 PSYoungGen      total 868864K, used 153716K [0x000000076ab00000, 0x00000007bbe80000, 0x00000007c0000000)
  eden space 466432K, 0% used [0x000000076ab00000,0x000000076ab00000,0x0000000787280000)
  from space 402432K, 38% used [0x00000007a3580000,0x00000007acb9d2f0,0x00000007bbe80000)
  to   space 432128K, 0% used [0x0000000787280000,0x0000000787280000,0x00000007a1880000)
 ParOldGen       total 1950720K, used 932484K [0x00000006c0000000, 0x0000000737100000, 0x000000076ab00000)
  object space 1950720K, 47% used [0x00000006c0000000,0x00000006f8ea1140,0x0000000737100000)
 Metaspace       used 18305K, capacity 18794K, committed 18944K, reserved 1067008K
  class space    used 2172K, capacity 2285K, committed 2304K, reserved 1048576K
}

